d:\dev\engine\build\engine\debug\vc120.pdb
d:\dev\engine\build\engine\debug\vc120.idb
d:\dev\engine\build\engine\debug\profiler.sbr
d:\dev\engine\build\engine\debug\logger.sbr
d:\dev\engine\build\engine\debug\config.sbr
d:\dev\engine\build\engine\debug\taskmanager.sbr
d:\dev\engine\build\engine\debug\engine.sbr
d:\dev\engine\build\engine\debug\renderer.sbr
d:\dev\engine\build\engine\debug\input.sbr
d:\dev\engine\build\engine\debug\debug.sbr
d:\dev\engine\build\engine\debug\controller.sbr
d:\dev\engine\build\engine\debug\main.sbr
d:\dev\engine\build\engine\debug\config.obj
d:\dev\engine\build\engine\debug\config.cod
d:\dev\engine\build\engine\debug\logger.obj
d:\dev\engine\build\engine\debug\logger.cod
d:\dev\engine\build\engine\debug\profiler.obj
d:\dev\engine\build\engine\debug\profiler.cod
d:\dev\engine\build\engine\debug\engine.tlog\cl.command.1.tlog
d:\dev\engine\build\engine\debug\engine.tlog\cl.read.1.tlog
d:\dev\engine\build\engine\debug\engine.tlog\cl.read.2.tlog
d:\dev\engine\build\engine\debug\engine.tlog\cl.read.3.tlog
d:\dev\engine\build\engine\debug\engine.tlog\cl.read.4.tlog
d:\dev\engine\build\engine\debug\engine.tlog\cl.read.5.tlog
d:\dev\engine\build\engine\debug\engine.tlog\cl.write.1.tlog
